Add Component: Footprint Not Found CUI_SDS-50J
Added Component: Designator=J2(SWITCHCRAFT_PC12A)
Add component (AddParameter): Name = "Availability"; Value = "Unavailable"; VariantName = "[No Variations]"
Add component (AddParameter): Name = "MF"; Value = ""; VariantName = "[No Variations]"
Add component (AddParameter): Name = "MP"; Value = "PC12A"; VariantName = "[No Variations]"
Add component (AddParameter): Name = "Package"; Value = "None"; VariantName = "[No Variations]"
Add component (AddParameter): Name = "Price"; Value = "None"; VariantName = "[No Variations]"
Add component (AddParameter): Name = "Value"; Value = ""; VariantName = "[No Variations]"
Added Component: Designator=J3(SWITCHCRAFT_PC12A)
Add component (AddParameter): Name = "Availability"; Value = "Unavailable"; VariantName = "[No Variations]"
Add component (AddParameter): Name = "MF"; Value = ""; VariantName = "[No Variations]"
Add component (AddParameter): Name = "MP"; Value = "PC12A"; VariantName = "[No Variations]"
Add component (AddParameter): Name = "Package"; Value = "None"; VariantName = "[No Variations]"
Add component (AddParameter): Name = "Price"; Value = "None"; VariantName = "[No Variations]"
Add component (AddParameter): Name = "Value"; Value = ""; VariantName = "[No Variations]"
Added Component: Designator=J4(SWITCHCRAFT_PC12A)
Add component (AddParameter): Name = "Availability"; Value = "Unavailable"; VariantName = "[No Variations]"
Add component (AddParameter): Name = "MF"; Value = ""; VariantName = "[No Variations]"
Add component (AddParameter): Name = "MP"; Value = "PC12A"; VariantName = "[No Variations]"
Add component (AddParameter): Name = "Package"; Value = "None"; VariantName = "[No Variations]"
Add component (AddParameter): Name = "Price"; Value = "None"; VariantName = "[No Variations]"
Add component (AddParameter): Name = "Value"; Value = ""; VariantName = "[No Variations]"
Added Component: Designator=J5(SWITCHCRAFT_PC12A)
Add component (AddParameter): Name = "Availability"; Value = "Unavailable"; VariantName = "[No Variations]"
Add component (AddParameter): Name = "MF"; Value = ""; VariantName = "[No Variations]"
Add component (AddParameter): Name = "MP"; Value = "PC12A"; VariantName = "[No Variations]"
Add component (AddParameter): Name = "Package"; Value = "None"; VariantName = "[No Variations]"
Add component (AddParameter): Name = "Price"; Value = "None"; VariantName = "[No Variations]"
Add component (AddParameter): Name = "Value"; Value = ""; VariantName = "[No Variations]"
Added Component: Designator=J6(SWITCHCRAFT_PC12A)
Add component (AddParameter): Name = "Availability"; Value = "Unavailable"; VariantName = "[No Variations]"
Add component (AddParameter): Name = "MF"; Value = ""; VariantName = "[No Variations]"
Add component (AddParameter): Name = "MP"; Value = "PC12A"; VariantName = "[No Variations]"
Add component (AddParameter): Name = "Package"; Value = "None"; VariantName = "[No Variations]"
Add component (AddParameter): Name = "Price"; Value = "None"; VariantName = "[No Variations]"
Add component (AddParameter): Name = "Value"; Value = ""; VariantName = "[No Variations]"
Added Component: Designator=J7(SWITCHCRAFT_PC12A)
Add component (AddParameter): Name = "Availability"; Value = "Unavailable"; VariantName = "[No Variations]"
Add component (AddParameter): Name = "MF"; Value = ""; VariantName = "[No Variations]"
Add component (AddParameter): Name = "MP"; Value = "PC12A"; VariantName = "[No Variations]"
Add component (AddParameter): Name = "Package"; Value = "None"; VariantName = "[No Variations]"
Add component (AddParameter): Name = "Price"; Value = "None"; VariantName = "[No Variations]"
Add component (AddParameter): Name = "Value"; Value = ""; VariantName = "[No Variations]"
Add Component: Footprint Not Found DIP794W45P254L1969H508Q16
Add Component: Footprint Not Found DIP794W45P254L1969H508Q16
Add Component: Footprint Not Found TO255P1040X460X1968-3
Add Pin To Net: Unknown Pin: Pin J1-2
Add Pin To Net: Unknown Pin: Pin J1-4
Add Pin To Net: Unknown Pin: Pin J1-5
Added Pin To Net: NetName=NetJ2_SLEEVE Pin=J2-SLEEVE
Added Pin To Net: NetName=NetJ2_TIP Pin=J2-TIP
Added Pin To Net: NetName=NetJ3_SLEEVE Pin=J3-SLEEVE
Added Pin To Net: NetName=NetJ3_TIP Pin=J3-TIP
Added Pin To Net: NetName=NetJ4_SLEEVE Pin=J4-SLEEVE
Added Pin To Net: NetName=NetJ4_TIP Pin=J4-TIP
Added Pin To Net: NetName=NetJ5_SLEEVE Pin=J5-SLEEVE
Added Pin To Net: NetName=NetJ5_TIP Pin=J5-TIP
Added Pin To Net: NetName=NetJ6_SLEEVE Pin=J6-SLEEVE
Added Pin To Net: NetName=NetJ6_TIP Pin=J6-TIP
Added Pin To Net: NetName=NetJ7_SLEEVE Pin=J7-SLEEVE
Added Pin To Net: NetName=NetJ7_TIP Pin=J7-TIP
Add Pin To Net: Unknown Pin: Pin SW1-1
Add Pin To Net: Unknown Pin: Pin SW1-2
Add Pin To Net: Unknown Pin: Pin SW2-1
Add Pin To Net: Unknown Pin: Pin SW2-2
Add Pin To Net: Unknown Pin: Pin SW3-1
Add Pin To Net: Unknown Pin: Pin U2-1
Add Pin To Net: Unknown Pin: Pin U2-2
Add Pin To Net: Unknown Pin: Pin U2-3
Add Pin To Net: Unknown Pin: Pin U2-4
Add Pin To Net: Unknown Pin: Pin U2-5
Add Pin To Net: Unknown Pin: Pin U2-6
Add Pin To Net: Unknown Pin: Pin U2-7
Add Pin To Net: Unknown Pin: Pin U2-8
Add Pin To Net: Unknown Pin: Pin U2-9
Add Pin To Net: Unknown Pin: Pin U2-10
Add Pin To Net: Unknown Pin: Pin U2-11
Add Pin To Net: Unknown Pin: Pin U2-12
Add Pin To Net: Unknown Pin: Pin U2-13
Add Pin To Net: Unknown Pin: Pin U2-14
Add Pin To Net: Unknown Pin: Pin U2-15
Add Pin To Net: Unknown Pin: Pin U2-16
Add Pin To Net: Unknown Pin: Pin U3-1
Add Pin To Net: Unknown Pin: Pin U3-2
Add Pin To Net: Unknown Pin: Pin U3-3
Add Pin To Net: Unknown Pin: Pin U3-4
Add Pin To Net: Unknown Pin: Pin U3-5
Add Pin To Net: Unknown Pin: Pin U3-6
Add Pin To Net: Unknown Pin: Pin U3-7
Add Pin To Net: Unknown Pin: Pin U3-8
Add Pin To Net: Unknown Pin: Pin U3-9
Add Pin To Net: Unknown Pin: Pin U3-10
Add Pin To Net: Unknown Pin: Pin U3-11
Add Pin To Net: Unknown Pin: Pin U3-12
Add Pin To Net: Unknown Pin: Pin U3-13
Add Pin To Net: Unknown Pin: Pin U3-14
Add Pin To Net: Unknown Pin: Pin U3-15
Add Pin To Net: Unknown Pin: Pin U3-16
Add Pin To Net: Unknown Pin: Pin U-1
Add Pin To Net: Unknown Pin: Pin U-2
Add Pin To Net: Unknown Pin: Pin U-3
Add Class Member: Failed to add class member : Component J1 SDS-50J
Added Member To Class: ClassName=Drum_it Member=Component J2 PC12A
Added Member To Class: ClassName=Drum_it Member=Component J3 PC12A
Added Member To Class: ClassName=Drum_it Member=Component J4 PC12A
Added Member To Class: ClassName=Drum_it Member=Component J5 PC12A
Added Member To Class: ClassName=Drum_it Member=Component J6 PC12A
Added Member To Class: ClassName=Drum_it Member=Component J7 PC12A
Add Class Member: Failed to add class member : Component SW1 A11JP
Add Class Member: Failed to add class member : Component SW2 A11JP
Add Class Member: Failed to add class member : Component SW3 A11JP
Add Class Member: Failed to add class member : Component U2 SN74LS247N
Add Class Member: Failed to add class member : Component U3 SN74LS247N
Add Class Member: Failed to add class member : Component U L7805CV
Added Room: Name=Drum_it
